{"/home/runner/work/mealie-google-docs-importer/mealie-google-docs-importer/src/googleDrive.js": {"path":"/home/runner/work/mealie-google-docs-importer/mealie-google-docs-importer/src/googleDrive.js","statementMap":{"0":{"start":{"line":17,"column":0},"end":{"line":17,"column":16}},"1":{"start":{"line":19,"column":27},"end":{"line":19,"column":67}},"2":{"start":{"line":20,"column":26},"end":{"line":20,"column":116}},"3":{"start":{"line":21,"column":21},"end":{"line":24,"column":1}},"4":{"start":{"line":26,"column":18},"end":{"line":26,"column":62}},"5":{"start":{"line":28,"column":24},"end":{"line":28,"column":81}},"6":{"start":{"line":29,"column":18},"end":{"line":29,"column":69}},"7":{"start":{"line":31,"column":15},"end":{"line":31,"column":29}},"8":{"start":{"line":39,"column":18},"end":{"line":41,"column":1}},"9":{"start":{"line":40,"column":2},"end":{"line":40,"column":54}},"10":{"start":{"line":51,"column":2},"end":{"line":51,"column":22}},"11":{"start":{"line":62,"column":2},"end":{"line":62,"column":79}},"12":{"start":{"line":62,"column":46},"end":{"line":62,"column":73}},"13":{"start":{"line":73,"column":2},"end":{"line":73,"column":98}},"14":{"start":{"line":73,"column":50},"end":{"line":73,"column":85}},"15":{"start":{"line":83,"column":20},"end":{"line":83,"column":35}},"16":{"start":{"line":84,"column":2},"end":{"line":112,"column":5}},"17":{"start":{"line":86,"column":20},"end":{"line":92,"column":5}},"18":{"start":{"line":87,"column":6},"end":{"line":91,"column":7}},"19":{"start":{"line":88,"column":8},"end":{"line":88,"column":28}},"20":{"start":{"line":90,"column":8},"end":{"line":90,"column":67}},"21":{"start":{"line":94,"column":4},"end":{"line":98,"column":7}},"22":{"start":{"line":95,"column":19},"end":{"line":95,"column":103}},"23":{"start":{"line":95,"column":74},"end":{"line":95,"column":97}},"24":{"start":{"line":96,"column":6},"end":{"line":96,"column":16}},"25":{"start":{"line":97,"column":6},"end":{"line":97,"column":20}},"26":{"start":{"line":100,"column":4},"end":{"line":103,"column":7}},"27":{"start":{"line":101,"column":6},"end":{"line":101,"column":16}},"28":{"start":{"line":102,"column":6},"end":{"line":102,"column":72}},"29":{"start":{"line":106,"column":4},"end":{"line":111,"column":5}},"30":{"start":{"line":107,"column":6},"end":{"line":107,"column":36}},"31":{"start":{"line":109,"column":6},"end":{"line":109,"column":16}},"32":{"start":{"line":110,"column":6},"end":{"line":110,"column":68}},"33":{"start":{"line":129,"column":2},"end":{"line":160,"column":3}},"34":{"start":{"line":131,"column":25},"end":{"line":137,"column":6}},"35":{"start":{"line":139,"column":28},"end":{"line":139,"column":48}},"36":{"start":{"line":141,"column":4},"end":{"line":156,"column":5}},"37":{"start":{"line":143,"column":29},"end":{"line":146,"column":8}},"38":{"start":{"line":148,"column":6},"end":{"line":148,"column":33}},"39":{"start":{"line":151,"column":6},"end":{"line":155,"column":9}},"40":{"start":{"line":154,"column":8},"end":{"line":154,"column":78}},"41":{"start":{"line":158,"column":4},"end":{"line":158,"column":65}},"42":{"start":{"line":159,"column":4},"end":{"line":159,"column":16}},"43":{"start":{"line":165,"column":22},"end":{"line":201,"column":1}},"44":{"start":{"line":169,"column":31},"end":{"line":169,"column":55}},"45":{"start":{"line":174,"column":31},"end":{"line":174,"column":55}},"46":{"start":{"line":179,"column":31},"end":{"line":179,"column":55}},"47":{"start":{"line":185,"column":21},"end":{"line":185,"column":61}},"48":{"start":{"line":186,"column":6},"end":{"line":186,"column":26}},"49":{"start":{"line":198,"column":6},"end":{"line":198,"column":36}},"50":{"start":{"line":209,"column":2},"end":{"line":209,"column":66}},"51":{"start":{"line":221,"column":2},"end":{"line":243,"column":3}},"52":{"start":{"line":222,"column":4},"end":{"line":225,"column":5}},"53":{"start":{"line":222,"column":47},"end":{"line":222,"column":51}},"54":{"start":{"line":222,"column":65},"end":{"line":222,"column":70}},"55":{"start":{"line":223,"column":6},"end":{"line":223,"column":55}},"56":{"start":{"line":224,"column":6},"end":{"line":224,"column":18}},"57":{"start":{"line":226,"column":20},"end":{"line":226,"column":48}},"58":{"start":{"line":227,"column":24},"end":{"line":227,"column":43}},"59":{"start":{"line":228,"column":19},"end":{"line":228,"column":52}},"60":{"start":{"line":231,"column":22},"end":{"line":231,"column":67}},"61":{"start":{"line":232,"column":4},"end":{"line":232,"column":48}},"62":{"start":{"line":233,"column":4},"end":{"line":233,"column":46}},"63":{"start":{"line":235,"column":4},"end":{"line":235,"column":18}},"64":{"start":{"line":237,"column":4},"end":{"line":237,"column":30}},"65":{"start":{"line":238,"column":4},"end":{"line":238,"column":49}},"66":{"start":{"line":239,"column":4},"end":{"line":241,"column":7}},"67":{"start":{"line":240,"column":6},"end":{"line":240,"column":81}},"68":{"start":{"line":242,"column":4},"end":{"line":242,"column":16}},"69":{"start":{"line":252,"column":2},"end":{"line":265,"column":3}},"70":{"start":{"line":253,"column":20},"end":{"line":253,"column":54}},"71":{"start":{"line":254,"column":17},"end":{"line":254,"column":36}},"72":{"start":{"line":255,"column":16},"end":{"line":255,"column":42}},"73":{"start":{"line":256,"column":20},"end":{"line":261,"column":6}},"74":{"start":{"line":262,"column":4},"end":{"line":262,"column":43}},"75":{"start":{"line":264,"column":4},"end":{"line":264,"column":66}},"76":{"start":{"line":274,"column":15},"end":{"line":274,"column":50}},"77":{"start":{"line":275,"column":2},"end":{"line":277,"column":3}},"78":{"start":{"line":276,"column":4},"end":{"line":276,"column":18}},"79":{"start":{"line":278,"column":2},"end":{"line":278,"column":92}},"80":{"start":{"line":282,"column":18},"end":{"line":282,"column":52}},"81":{"start":{"line":283,"column":15},"end":{"line":283,"column":34}},"82":{"start":{"line":284,"column":14},"end":{"line":284,"column":40}},"83":{"start":{"line":287,"column":23},"end":{"line":291,"column":3}},"84":{"start":{"line":294,"column":15},"end":{"line":318,"column":4}},"85":{"start":{"line":295,"column":19},"end":{"line":307,"column":33}},"86":{"start":{"line":296,"column":6},"end":{"line":306,"column":7}},"87":{"start":{"line":297,"column":8},"end":{"line":303,"column":9}},"88":{"start":{"line":298,"column":25},"end":{"line":298,"column":67}},"89":{"start":{"line":299,"column":23},"end":{"line":299,"column":41}},"90":{"start":{"line":300,"column":10},"end":{"line":300,"column":75}},"91":{"start":{"line":301,"column":10},"end":{"line":301,"column":25}},"92":{"start":{"line":302,"column":10},"end":{"line":302,"column":24}},"93":{"start":{"line":305,"column":8},"end":{"line":305,"column":31}},"94":{"start":{"line":310,"column":20},"end":{"line":314,"column":6}},"95":{"start":{"line":317,"column":4},"end":{"line":317,"column":18}},"96":{"start":{"line":321,"column":21},"end":{"line":321,"column":54}},"97":{"start":{"line":322,"column":2},"end":{"line":322,"column":38}},"98":{"start":{"line":324,"column":2},"end":{"line":329,"column":3}},"99":{"start":{"line":325,"column":4},"end":{"line":325,"column":40}},"100":{"start":{"line":326,"column":4},"end":{"line":326,"column":63}},"101":{"start":{"line":328,"column":4},"end":{"line":328,"column":92}},"102":{"start":{"line":331,"column":2},"end":{"line":331,"column":22}},"103":{"start":{"line":341,"column":17},"end":{"line":341,"column":19}},"104":{"start":{"line":342,"column":2},"end":{"line":344,"column":3}},"105":{"start":{"line":343,"column":4},"end":{"line":343,"column":36}},"106":{"start":{"line":345,"column":2},"end":{"line":345,"column":31}},"107":{"start":{"line":356,"column":2},"end":{"line":400,"column":3}},"108":{"start":{"line":357,"column":20},"end":{"line":357,"column":48}},"109":{"start":{"line":358,"column":4},"end":{"line":360,"column":5}},"110":{"start":{"line":359,"column":6},"end":{"line":359,"column":65}},"111":{"start":{"line":363,"column":4},"end":{"line":365,"column":5}},"112":{"start":{"line":364,"column":6},"end":{"line":364,"column":60}},"113":{"start":{"line":368,"column":4},"end":{"line":387,"column":5}},"114":{"start":{"line":370,"column":23},"end":{"line":375,"column":8}},"115":{"start":{"line":376,"column":6},"end":{"line":376,"column":42}},"116":{"start":{"line":379,"column":23},"end":{"line":384,"column":8}},"117":{"start":{"line":386,"column":6},"end":{"line":386,"column":51}},"118":{"start":{"line":390,"column":20},"end":{"line":390,"column":49}},"119":{"start":{"line":392,"column":4},"end":{"line":394,"column":5}},"120":{"start":{"line":393,"column":6},"end":{"line":393,"column":56}},"121":{"start":{"line":396,"column":4},"end":{"line":396,"column":19}},"122":{"start":{"line":398,"column":4},"end":{"line":398,"column":101}},"123":{"start":{"line":399,"column":4},"end":{"line":399,"column":16}},"124":{"start":{"line":412,"column":2},"end":{"line":421,"column":3}},"125":{"start":{"line":413,"column":21},"end":{"line":416,"column":6}},"126":{"start":{"line":417,"column":4},"end":{"line":417,"column":30}},"127":{"start":{"line":419,"column":4},"end":{"line":419,"column":129}},"128":{"start":{"line":420,"column":4},"end":{"line":420,"column":16}},"129":{"start":{"line":432,"column":20},"end":{"line":432,"column":46}},"130":{"start":{"line":433,"column":24},"end":{"line":433,"column":82}},"131":{"start":{"line":433,"column":46},"end":{"line":433,"column":68}},"132":{"start":{"line":435,"column":19},"end":{"line":439,"column":4}},"133":{"start":{"line":440,"column":2},"end":{"line":440,"column":29}},"134":{"start":{"line":451,"column":18},"end":{"line":451,"column":20}},"135":{"start":{"line":455,"column":24},"end":{"line":455,"column":39}},"136":{"start":{"line":456,"column":30},"end":{"line":456,"column":79}},"137":{"start":{"line":457,"column":4},"end":{"line":462,"column":5}},"138":{"start":{"line":458,"column":25},"end":{"line":458,"column":61}},"139":{"start":{"line":459,"column":6},"end":{"line":461,"column":7}},"140":{"start":{"line":460,"column":8},"end":{"line":460,"column":37}},"141":{"start":{"line":464,"column":18},"end":{"line":464,"column":59}},"142":{"start":{"line":466,"column":4},"end":{"line":489,"column":5}},"143":{"start":{"line":467,"column":6},"end":{"line":488,"column":7}},"144":{"start":{"line":468,"column":8},"end":{"line":485,"column":9}},"145":{"start":{"line":470,"column":10},"end":{"line":470,"column":52}},"146":{"start":{"line":471,"column":15},"end":{"line":485,"column":9}},"147":{"start":{"line":472,"column":26},"end":{"line":472,"column":59}},"148":{"start":{"line":473,"column":10},"end":{"line":484,"column":11}},"149":{"start":{"line":475,"column":12},"end":{"line":475,"column":83}},"150":{"start":{"line":477,"column":12},"end":{"line":482,"column":15}},"151":{"start":{"line":483,"column":12},"end":{"line":483,"column":82}},"152":{"start":{"line":487,"column":8},"end":{"line":487,"column":77}},"153":{"start":{"line":492,"column":2},"end":{"line":492,"column":46}},"154":{"start":{"line":493,"column":2},"end":{"line":493,"column":17}}},"fnMap":{"0":{"name":"(anonymous_0)","decl":{"start":{"line":39,"column":18},"end":{"line":39,"column":19}},"loc":{"start":{"line":39,"column":27},"end":{"line":41,"column":1}},"line":39},"1":{"name":"processLine","decl":{"start":{"line":50,"column":9},"end":{"line":50,"column":20}},"loc":{"start":{"line":50,"column":27},"end":{"line":52,"column":1}},"line":50},"2":{"name":"processTextItem","decl":{"start":{"line":61,"column":9},"end":{"line":61,"column":24}},"loc":{"start":{"line":61,"column":35},"end":{"line":63,"column":1}},"line":61},"3":{"name":"(anonymous_3)","decl":{"start":{"line":62,"column":27},"end":{"line":62,"column":28}},"loc":{"start":{"line":62,"column":46},"end":{"line":62,"column":73}},"line":62},"4":{"name":"processPage","decl":{"start":{"line":72,"column":9},"end":{"line":72,"column":20}},"loc":{"start":{"line":72,"column":27},"end":{"line":74,"column":1}},"line":72},"5":{"name":"(anonymous_5)","decl":{"start":{"line":73,"column":27},"end":{"line":73,"column":28}},"loc":{"start":{"line":73,"column":50},"end":{"line":73,"column":85}},"line":73},"6":{"name":"parsePDF","decl":{"start":{"line":82,"column":15},"end":{"line":82,"column":23}},"loc":{"start":{"line":82,"column":32},"end":{"line":113,"column":1}},"line":82},"7":{"name":"(anonymous_7)","decl":{"start":{"line":84,"column":21},"end":{"line":84,"column":22}},"loc":{"start":{"line":84,"column":42},"end":{"line":112,"column":3}},"line":84},"8":{"name":"(anonymous_8)","decl":{"start":{"line":86,"column":20},"end":{"line":86,"column":21}},"loc":{"start":{"line":86,"column":26},"end":{"line":92,"column":5}},"line":86},"9":{"name":"(anonymous_9)","decl":{"start":{"line":94,"column":40},"end":{"line":94,"column":41}},"loc":{"start":{"line":94,"column":53},"end":{"line":98,"column":5}},"line":94},"10":{"name":"(anonymous_10)","decl":{"start":{"line":95,"column":59},"end":{"line":95,"column":60}},"loc":{"start":{"line":95,"column":74},"end":{"line":95,"column":97}},"line":95},"11":{"name":"(anonymous_11)","decl":{"start":{"line":100,"column":40},"end":{"line":100,"column":41}},"loc":{"start":{"line":100,"column":51},"end":{"line":103,"column":5}},"line":100},"12":{"name":"handleDocFile","decl":{"start":{"line":128,"column":15},"end":{"line":128,"column":28}},"loc":{"start":{"line":128,"column":54},"end":{"line":161,"column":1}},"line":128},"13":{"name":"(anonymous_13)","decl":{"start":{"line":153,"column":15},"end":{"line":153,"column":16}},"loc":{"start":{"line":153,"column":30},"end":{"line":155,"column":7}},"line":153},"14":{"name":"(anonymous_14)","decl":{"start":{"line":169,"column":13},"end":{"line":169,"column":14}},"loc":{"start":{"line":169,"column":31},"end":{"line":169,"column":55}},"line":169},"15":{"name":"(anonymous_15)","decl":{"start":{"line":174,"column":13},"end":{"line":174,"column":14}},"loc":{"start":{"line":174,"column":31},"end":{"line":174,"column":55}},"line":174},"16":{"name":"(anonymous_16)","decl":{"start":{"line":179,"column":13},"end":{"line":179,"column":14}},"loc":{"start":{"line":179,"column":31},"end":{"line":179,"column":55}},"line":179},"17":{"name":"(anonymous_17)","decl":{"start":{"line":184,"column":13},"end":{"line":184,"column":14}},"loc":{"start":{"line":184,"column":31},"end":{"line":187,"column":5}},"line":184},"18":{"name":"(anonymous_18)","decl":{"start":{"line":197,"column":13},"end":{"line":197,"column":14}},"loc":{"start":{"line":197,"column":31},"end":{"line":199,"column":5}},"line":197},"19":{"name":"setupGoogleDrive","decl":{"start":{"line":208,"column":22},"end":{"line":208,"column":38}},"loc":{"start":{"line":208,"column":41},"end":{"line":210,"column":1}},"line":208},"20":{"name":"loadSavedCredentialsIfExist","decl":{"start":{"line":220,"column":15},"end":{"line":220,"column":42}},"loc":{"start":{"line":220,"column":45},"end":{"line":244,"column":1}},"line":220},"21":{"name":"(anonymous_21)","decl":{"start":{"line":222,"column":41},"end":{"line":222,"column":42}},"loc":{"start":{"line":222,"column":47},"end":{"line":222,"column":51}},"line":222},"22":{"name":"(anonymous_22)","decl":{"start":{"line":222,"column":59},"end":{"line":222,"column":60}},"loc":{"start":{"line":222,"column":65},"end":{"line":222,"column":70}},"line":222},"23":{"name":"(anonymous_23)","decl":{"start":{"line":239,"column":37},"end":{"line":239,"column":38}},"loc":{"start":{"line":239,"column":44},"end":{"line":241,"column":5}},"line":239},"24":{"name":"saveCredentials","decl":{"start":{"line":251,"column":15},"end":{"line":251,"column":30}},"loc":{"start":{"line":251,"column":39},"end":{"line":266,"column":1}},"line":251},"25":{"name":"authorize","decl":{"start":{"line":273,"column":15},"end":{"line":273,"column":24}},"loc":{"start":{"line":273,"column":27},"end":{"line":332,"column":1}},"line":273},"26":{"name":"(anonymous_26)","decl":{"start":{"line":294,"column":33},"end":{"line":294,"column":34}},"loc":{"start":{"line":294,"column":54},"end":{"line":318,"column":3}},"line":294},"27":{"name":"(anonymous_27)","decl":{"start":{"line":295,"column":37},"end":{"line":295,"column":38}},"loc":{"start":{"line":295,"column":57},"end":{"line":307,"column":5}},"line":295},"28":{"name":"streamToBuffer","decl":{"start":{"line":340,"column":15},"end":{"line":340,"column":29}},"loc":{"start":{"line":340,"column":38},"end":{"line":346,"column":1}},"line":340},"29":{"name":"getFileContent","decl":{"start":{"line":355,"column":15},"end":{"line":355,"column":29}},"loc":{"start":{"line":355,"column":43},"end":{"line":401,"column":1}},"line":355},"30":{"name":"getFolderName","decl":{"start":{"line":411,"column":15},"end":{"line":411,"column":28}},"loc":{"start":{"line":411,"column":46},"end":{"line":422,"column":1}},"line":411},"31":{"name":"listFolderContents","decl":{"start":{"line":431,"column":15},"end":{"line":431,"column":33}},"loc":{"start":{"line":431,"column":51},"end":{"line":441,"column":1}},"line":431},"32":{"name":"(anonymous_32)","decl":{"start":{"line":433,"column":38},"end":{"line":433,"column":39}},"loc":{"start":{"line":433,"column":46},"end":{"line":433,"column":68}},"line":433},"33":{"name":"getAllRecipeDocs","decl":{"start":{"line":450,"column":22},"end":{"line":450,"column":38}},"loc":{"start":{"line":450,"column":60},"end":{"line":494,"column":1}},"line":450},"34":{"name":"processFolder","decl":{"start":{"line":453,"column":17},"end":{"line":453,"column":30}},"loc":{"start":{"line":453,"column":74},"end":{"line":490,"column":3}},"line":453}},"branchMap":{"0":{"loc":{"start":{"line":19,"column":27},"end":{"line":19,"column":67}},"type":"binary-expr","locations":[{"start":{"line":19,"column":27},"end":{"line":19,"column":59}},{"start":{"line":19,"column":63},"end":{"line":19,"column":67}}],"line":19},"1":{"loc":{"start":{"line":20,"column":26},"end":{"line":20,"column":116}},"type":"binary-expr","locations":[{"start":{"line":20,"column":26},"end":{"line":20,"column":57}},{"start":{"line":20,"column":61},"end":{"line":20,"column":116}}],"line":20},"2":{"loc":{"start":{"line":40,"column":9},"end":{"line":40,"column":53}},"type":"binary-expr","locations":[{"start":{"line":40,"column":9},"end":{"line":40,"column":38}},{"start":{"line":40,"column":42},"end":{"line":40,"column":53}}],"line":40},"3":{"loc":{"start":{"line":222,"column":4},"end":{"line":225,"column":5}},"type":"if","locations":[{"start":{"line":222,"column":4},"end":{"line":225,"column":5}},{"start":{},"end":{}}],"line":222},"4":{"loc":{"start":{"line":255,"column":16},"end":{"line":255,"column":42}},"type":"binary-expr","locations":[{"start":{"line":255,"column":16},"end":{"line":255,"column":30}},{"start":{"line":255,"column":34},"end":{"line":255,"column":42}}],"line":255},"5":{"loc":{"start":{"line":275,"column":2},"end":{"line":277,"column":3}},"type":"if","locations":[{"start":{"line":275,"column":2},"end":{"line":277,"column":3}},{"start":{},"end":{}}],"line":275},"6":{"loc":{"start":{"line":284,"column":14},"end":{"line":284,"column":40}},"type":"binary-expr","locations":[{"start":{"line":284,"column":14},"end":{"line":284,"column":28}},{"start":{"line":284,"column":32},"end":{"line":284,"column":40}}],"line":284},"7":{"loc":{"start":{"line":297,"column":8},"end":{"line":303,"column":9}},"type":"if","locations":[{"start":{"line":297,"column":8},"end":{"line":303,"column":9}},{"start":{},"end":{}}],"line":297},"8":{"loc":{"start":{"line":324,"column":2},"end":{"line":329,"column":3}},"type":"if","locations":[{"start":{"line":324,"column":2},"end":{"line":329,"column":3}},{"start":{"line":327,"column":8},"end":{"line":329,"column":3}}],"line":324},"9":{"loc":{"start":{"line":358,"column":4},"end":{"line":360,"column":5}},"type":"if","locations":[{"start":{"line":358,"column":4},"end":{"line":360,"column":5}},{"start":{},"end":{}}],"line":358},"10":{"loc":{"start":{"line":363,"column":4},"end":{"line":365,"column":5}},"type":"if","locations":[{"start":{"line":363,"column":4},"end":{"line":365,"column":5}},{"start":{},"end":{}}],"line":363},"11":{"loc":{"start":{"line":368,"column":4},"end":{"line":387,"column":5}},"type":"if","locations":[{"start":{"line":368,"column":4},"end":{"line":387,"column":5}},{"start":{"line":377,"column":11},"end":{"line":387,"column":5}}],"line":368},"12":{"loc":{"start":{"line":392,"column":4},"end":{"line":394,"column":5}},"type":"if","locations":[{"start":{"line":392,"column":4},"end":{"line":394,"column":5}},{"start":{},"end":{}}],"line":392},"13":{"loc":{"start":{"line":453,"column":41},"end":{"line":453,"column":56}},"type":"default-arg","locations":[{"start":{"line":453,"column":54},"end":{"line":453,"column":56}}],"line":453},"14":{"loc":{"start":{"line":453,"column":58},"end":{"line":453,"column":72}},"type":"default-arg","locations":[{"start":{"line":453,"column":67},"end":{"line":453,"column":72}}],"line":453},"15":{"loc":{"start":{"line":457,"column":4},"end":{"line":462,"column":5}},"type":"if","locations":[{"start":{"line":457,"column":4},"end":{"line":462,"column":5}},{"start":{},"end":{}}],"line":457},"16":{"loc":{"start":{"line":457,"column":7},"end":{"line":457,"column":35}},"type":"binary-expr","locations":[{"start":{"line":457,"column":7},"end":{"line":457,"column":24}},{"start":{"line":457,"column":28},"end":{"line":457,"column":35}}],"line":457},"17":{"loc":{"start":{"line":459,"column":6},"end":{"line":461,"column":7}},"type":"if","locations":[{"start":{"line":459,"column":6},"end":{"line":461,"column":7}},{"start":{},"end":{}}],"line":459},"18":{"loc":{"start":{"line":468,"column":8},"end":{"line":485,"column":9}},"type":"if","locations":[{"start":{"line":468,"column":8},"end":{"line":485,"column":9}},{"start":{"line":471,"column":15},"end":{"line":485,"column":9}}],"line":468},"19":{"loc":{"start":{"line":471,"column":15},"end":{"line":485,"column":9}},"type":"if","locations":[{"start":{"line":471,"column":15},"end":{"line":485,"column":9}},{"start":{},"end":{}}],"line":471},"20":{"loc":{"start":{"line":473,"column":10},"end":{"line":484,"column":11}},"type":"if","locations":[{"start":{"line":473,"column":10},"end":{"line":484,"column":11}},{"start":{},"end":{}}],"line":473}},"s":{"0":1,"1":1,"2":1,"3":1,"4":1,"5":1,"6":1,"7":1,"8":1,"9":13,"10":74,"11":74,"12":74,"13":1,"14":74,"15":2,"16":2,"17":2,"18":2,"19":2,"20":0,"21":2,"22":1,"23":1,"24":1,"25":1,"26":2,"27":1,"28":1,"29":2,"30":2,"31":0,"32":0,"33":0,"34":0,"35":0,"36":0,"37":0,"38":0,"39":0,"40":0,"41":0,"42":0,"43":1,"44":7,"45":0,"46":0,"47":0,"48":0,"49":2,"50":2,"51":2,"52":2,"53":1,"54":1,"55":1,"56":1,"57":1,"58":1,"59":1,"60":1,"61":1,"62":1,"63":1,"64":0,"65":0,"66":0,"67":0,"68":0,"69":1,"70":1,"71":1,"72":1,"73":1,"74":1,"75":0,"76":2,"77":2,"78":1,"79":1,"80":1,"81":1,"82":1,"83":1,"84":1,"85":1,"86":1,"87":1,"88":1,"89":1,"90":1,"91":1,"92":1,"93":0,"94":1,"95":1,"96":1,"97":1,"98":1,"99":1,"100":1,"101":0,"102":1,"103":2,"104":2,"105":12,"106":2,"107":11,"108":11,"109":11,"110":0,"111":11,"112":0,"113":11,"114":9,"115":7,"116":2,"117":2,"118":9,"119":8,"120":0,"121":8,"122":3,"123":3,"124":10,"125":10,"126":9,"127":1,"128":1,"129":13,"130":13,"131":78,"132":13,"133":13,"134":11,"135":13,"136":13,"137":13,"138":10,"139":10,"140":7,"141":13,"142":13,"143":15,"144":15,"145":2,"146":13,"147":11,"148":11,"149":8,"150":8,"151":8,"152":0,"153":11,"154":11},"f":{"0":13,"1":74,"2":74,"3":74,"4":1,"5":74,"6":2,"7":2,"8":2,"9":1,"10":1,"11":1,"12":0,"13":0,"14":7,"15":0,"16":0,"17":0,"18":2,"19":2,"20":2,"21":1,"22":1,"23":0,"24":1,"25":2,"26":1,"27":1,"28":2,"29":11,"30":10,"31":13,"32":78,"33":11,"34":13},"b":{"0":[1,1],"1":[1,1],"2":[13,3],"3":[1,1],"4":[1,1],"5":[1,1],"6":[1,0],"7":[1,0],"8":[1,0],"9":[0,11],"10":[0,11],"11":[9,2],"12":[0,8],"13":[0],"14":[2],"15":[10,3],"16":[13,3],"17":[7,3],"18":[2,13],"19":[11,2],"20":[8,3]},"inputSourceMap":null,"_coverageSchema":"1a1c01bbd47fc00a2c39e90264f33305004495a9","hash":"530819a02340f3705e3c0efb9a59220a6b4d8f23"}
,"/home/runner/work/mealie-google-docs-importer/mealie-google-docs-importer/src/index.js": {"path":"/home/runner/work/mealie-google-docs-importer/mealie-google-docs-importer/src/index.js","statementMap":{"0":{"start":{"line":7,"column":0},"end":{"line":7,"column":16}},"1":{"start":{"line":9,"column":15},"end":{"line":9,"column":29}},"2":{"start":{"line":11,"column":13},"end":{"line":11,"column":34}},"3":{"start":{"line":12,"column":17},"end":{"line":12,"column":62}},"4":{"start":{"line":14,"column":20},"end":{"line":14,"column":58}},"5":{"start":{"line":17,"column":2},"end":{"line":63,"column":3}},"6":{"start":{"line":18,"column":4},"end":{"line":21,"column":5}},"7":{"start":{"line":19,"column":6},"end":{"line":19,"column":78}},"8":{"start":{"line":20,"column":6},"end":{"line":20,"column":43}},"9":{"start":{"line":22,"column":4},"end":{"line":22,"column":48}},"10":{"start":{"line":24,"column":4},"end":{"line":24,"column":50}},"11":{"start":{"line":27,"column":24},"end":{"line":27,"column":48}},"12":{"start":{"line":30,"column":23},"end":{"line":30,"column":68}},"13":{"start":{"line":33,"column":4},"end":{"line":56,"column":5}},"14":{"start":{"line":34,"column":6},"end":{"line":55,"column":7}},"15":{"start":{"line":36,"column":8},"end":{"line":37,"column":58}},"16":{"start":{"line":37,"column":10},"end":{"line":37,"column":58}},"17":{"start":{"line":38,"column":27},"end":{"line":38,"column":38}},"18":{"start":{"line":41,"column":31},"end":{"line":43,"column":9}},"19":{"start":{"line":42,"column":10},"end":{"line":42,"column":46}},"20":{"start":{"line":46,"column":8},"end":{"line":50,"column":9}},"21":{"start":{"line":47,"column":10},"end":{"line":49,"column":12}},"22":{"start":{"line":48,"column":12},"end":{"line":48,"column":51}},"23":{"start":{"line":52,"column":8},"end":{"line":52,"column":66}},"24":{"start":{"line":54,"column":8},"end":{"line":54,"column":79}},"25":{"start":{"line":58,"column":4},"end":{"line":58,"column":51}},"26":{"start":{"line":60,"column":4},"end":{"line":60,"column":32}},"27":{"start":{"line":61,"column":4},"end":{"line":61,"column":43}},"28":{"start":{"line":62,"column":4},"end":{"line":62,"column":20}},"29":{"start":{"line":66,"column":0},"end":{"line":66,"column":7}}},"fnMap":{"0":{"name":"main","decl":{"start":{"line":16,"column":22},"end":{"line":16,"column":26}},"loc":{"start":{"line":16,"column":29},"end":{"line":64,"column":1}},"line":16},"1":{"name":"(anonymous_1)","decl":{"start":{"line":41,"column":47},"end":{"line":41,"column":48}},"loc":{"start":{"line":42,"column":10},"end":{"line":42,"column":46}},"line":42},"2":{"name":"(anonymous_2)","decl":{"start":{"line":47,"column":26},"end":{"line":47,"column":27}},"loc":{"start":{"line":48,"column":12},"end":{"line":48,"column":51}},"line":48}},"branchMap":{"0":{"loc":{"start":{"line":12,"column":17},"end":{"line":12,"column":62}},"type":"binary-expr","locations":[{"start":{"line":12,"column":17},"end":{"line":12,"column":24}},{"start":{"line":12,"column":28},"end":{"line":12,"column":62}}],"line":12},"1":{"loc":{"start":{"line":14,"column":20},"end":{"line":14,"column":58}},"type":"binary-expr","locations":[{"start":{"line":14,"column":20},"end":{"line":14,"column":44}},{"start":{"line":14,"column":48},"end":{"line":14,"column":58}}],"line":14},"2":{"loc":{"start":{"line":18,"column":4},"end":{"line":21,"column":5}},"type":"if","locations":[{"start":{"line":18,"column":4},"end":{"line":21,"column":5}},{"start":{},"end":{}}],"line":18},"3":{"loc":{"start":{"line":36,"column":8},"end":{"line":37,"column":58}},"type":"if","locations":[{"start":{"line":36,"column":8},"end":{"line":37,"column":58}},{"start":{},"end":{}}],"line":36},"4":{"loc":{"start":{"line":36,"column":11},"end":{"line":36,"column":57}},"type":"binary-expr","locations":[{"start":{"line":36,"column":11},"end":{"line":36,"column":22}},{"start":{"line":36,"column":26},"end":{"line":36,"column":57}}],"line":36},"5":{"loc":{"start":{"line":37,"column":27},"end":{"line":37,"column":41}},"type":"binary-expr","locations":[{"start":{"line":37,"column":27},"end":{"line":37,"column":35}},{"start":{"line":37,"column":39},"end":{"line":37,"column":41}}],"line":37},"6":{"loc":{"start":{"line":46,"column":8},"end":{"line":50,"column":9}},"type":"if","locations":[{"start":{"line":46,"column":8},"end":{"line":50,"column":9}},{"start":{},"end":{}}],"line":46},"7":{"loc":{"start":{"line":46,"column":12},"end":{"line":46,"column":43}},"type":"binary-expr","locations":[{"start":{"line":46,"column":12},"end":{"line":46,"column":20}},{"start":{"line":46,"column":24},"end":{"line":46,"column":43}}],"line":46}},"s":{"0":1,"1":1,"2":1,"3":1,"4":1,"5":5,"6":5,"7":0,"8":0,"9":5,"10":5,"11":5,"12":3,"13":3,"14":3,"15":3,"16":3,"17":3,"18":3,"19":3,"20":2,"21":2,"22":2,"23":2,"24":1,"25":3,"26":2,"27":2,"28":2,"29":1},"f":{"0":5,"1":3,"2":2},"b":{"0":[1,1],"1":[1,1],"2":[0,5],"3":[3,0],"4":[3,3],"5":[3,0],"6":[2,0],"7":[2,2]},"inputSourceMap":null,"_coverageSchema":"1a1c01bbd47fc00a2c39e90264f33305004495a9","hash":"01f753d653975a500a58167e8fd0d47fcf78f36c"}
,"/home/runner/work/mealie-google-docs-importer/mealie-google-docs-importer/src/mealie.js": {"path":"/home/runner/work/mealie-google-docs-importer/mealie-google-docs-importer/src/mealie.js","statementMap":{"0":{"start":{"line":11,"column":0},"end":{"line":11,"column":16}},"1":{"start":{"line":13,"column":15},"end":{"line":13,"column":29}},"2":{"start":{"line":15,"column":29},"end":{"line":15,"column":55}},"3":{"start":{"line":16,"column":0},"end":{"line":19,"column":1}},"4":{"start":{"line":17,"column":2},"end":{"line":17,"column":66}},"5":{"start":{"line":18,"column":2},"end":{"line":18,"column":18}},"6":{"start":{"line":21,"column":21},"end":{"line":21,"column":47}},"7":{"start":{"line":22,"column":0},"end":{"line":25,"column":1}},"8":{"start":{"line":23,"column":2},"end":{"line":23,"column":66}},"9":{"start":{"line":24,"column":2},"end":{"line":24,"column":18}},"10":{"start":{"line":36,"column":21},"end":{"line":36,"column":55}},"11":{"start":{"line":37,"column":14},"end":{"line":37,"column":52}},"12":{"start":{"line":38,"column":2},"end":{"line":60,"column":3}},"13":{"start":{"line":39,"column":21},"end":{"line":49,"column":6}},"14":{"start":{"line":51,"column":4},"end":{"line":53,"column":5}},"15":{"start":{"line":52,"column":6},"end":{"line":52,"column":85}},"16":{"start":{"line":55,"column":4},"end":{"line":55,"column":63}},"17":{"start":{"line":56,"column":4},"end":{"line":56,"column":33}},"18":{"start":{"line":58,"column":4},"end":{"line":58,"column":76}},"19":{"start":{"line":59,"column":4},"end":{"line":59,"column":16}},"20":{"start":{"line":72,"column":2},"end":{"line":74,"column":3}},"21":{"start":{"line":73,"column":4},"end":{"line":73,"column":14}},"22":{"start":{"line":75,"column":21},"end":{"line":75,"column":49}},"23":{"start":{"line":76,"column":14},"end":{"line":76,"column":52}},"24":{"start":{"line":78,"column":2},"end":{"line":119,"column":3}},"25":{"start":{"line":80,"column":19},"end":{"line":86,"column":6}},"26":{"start":{"line":87,"column":17},"end":{"line":87,"column":38}},"27":{"start":{"line":88,"column":20},"end":{"line":88,"column":33}},"28":{"start":{"line":89,"column":4},"end":{"line":91,"column":5}},"29":{"start":{"line":90,"column":6},"end":{"line":90,"column":43}},"30":{"start":{"line":92,"column":4},"end":{"line":92,"column":46}},"31":{"start":{"line":93,"column":4},"end":{"line":93,"column":56}},"32":{"start":{"line":95,"column":21},"end":{"line":95,"column":50}},"33":{"start":{"line":97,"column":4},"end":{"line":108,"column":7}},"34":{"start":{"line":110,"column":4},"end":{"line":112,"column":5}},"35":{"start":{"line":111,"column":6},"end":{"line":111,"column":85}},"36":{"start":{"line":114,"column":4},"end":{"line":114,"column":68}},"37":{"start":{"line":115,"column":4},"end":{"line":115,"column":33}},"38":{"start":{"line":117,"column":4},"end":{"line":117,"column":81}},"39":{"start":{"line":118,"column":4},"end":{"line":118,"column":16}},"40":{"start":{"line":129,"column":2},"end":{"line":131,"column":3}},"41":{"start":{"line":130,"column":4},"end":{"line":130,"column":14}},"42":{"start":{"line":132,"column":19},"end":{"line":132,"column":41}},"43":{"start":{"line":133,"column":14},"end":{"line":133,"column":50}},"44":{"start":{"line":134,"column":30},"end":{"line":134,"column":39}},"45":{"start":{"line":136,"column":2},"end":{"line":177,"column":3}},"46":{"start":{"line":137,"column":25},"end":{"line":137,"column":53}},"47":{"start":{"line":138,"column":4},"end":{"line":138,"column":86}},"48":{"start":{"line":138,"column":32},"end":{"line":138,"column":84}},"49":{"start":{"line":141,"column":26},"end":{"line":169,"column":7}},"50":{"start":{"line":142,"column":29},"end":{"line":142,"column":50}},"51":{"start":{"line":145,"column":6},"end":{"line":147,"column":7}},"52":{"start":{"line":146,"column":8},"end":{"line":146,"column":55}},"53":{"start":{"line":150,"column":29},"end":{"line":160,"column":8}},"54":{"start":{"line":162,"column":6},"end":{"line":164,"column":7}},"55":{"start":{"line":163,"column":8},"end":{"line":163,"column":114}},"56":{"start":{"line":166,"column":21},"end":{"line":166,"column":48}},"57":{"start":{"line":167,"column":6},"end":{"line":167,"column":49}},"58":{"start":{"line":168,"column":6},"end":{"line":168,"column":20}},"59":{"start":{"line":171,"column":4},"end":{"line":171,"column":64}},"60":{"start":{"line":172,"column":4},"end":{"line":172,"column":31}},"61":{"start":{"line":175,"column":4},"end":{"line":175,"column":60}},"62":{"start":{"line":176,"column":4},"end":{"line":176,"column":16}},"63":{"start":{"line":188,"column":19},"end":{"line":188,"column":41}},"64":{"start":{"line":189,"column":14},"end":{"line":189,"column":50}},"65":{"start":{"line":191,"column":2},"end":{"line":211,"column":3}},"66":{"start":{"line":193,"column":21},"end":{"line":198,"column":6}},"67":{"start":{"line":200,"column":4},"end":{"line":202,"column":5}},"68":{"start":{"line":201,"column":6},"end":{"line":201,"column":89}},"69":{"start":{"line":204,"column":31},"end":{"line":204,"column":52}},"70":{"start":{"line":205,"column":4},"end":{"line":205,"column":65}},"71":{"start":{"line":206,"column":4},"end":{"line":206,"column":25}},"72":{"start":{"line":209,"column":4},"end":{"line":209,"column":58}},"73":{"start":{"line":210,"column":4},"end":{"line":210,"column":16}}},"fnMap":{"0":{"name":"uploadToMealie","decl":{"start":{"line":35,"column":22},"end":{"line":35,"column":36}},"loc":{"start":{"line":35,"column":57},"end":{"line":61,"column":1}},"line":35},"1":{"name":"addRecipeTags","decl":{"start":{"line":71,"column":22},"end":{"line":71,"column":35}},"loc":{"start":{"line":71,"column":54},"end":{"line":120,"column":1}},"line":71},"2":{"name":"fetchMatchingTags","decl":{"start":{"line":128,"column":22},"end":{"line":128,"column":39}},"loc":{"start":{"line":128,"column":46},"end":{"line":178,"column":1}},"line":128},"3":{"name":"(anonymous_3)","decl":{"start":{"line":138,"column":25},"end":{"line":138,"column":26}},"loc":{"start":{"line":138,"column":32},"end":{"line":138,"column":84}},"line":138},"4":{"name":"(anonymous_4)","decl":{"start":{"line":141,"column":53},"end":{"line":141,"column":54}},"loc":{"start":{"line":141,"column":70},"end":{"line":169,"column":5}},"line":141},"5":{"name":"fetchAllExistingTags","decl":{"start":{"line":187,"column":22},"end":{"line":187,"column":42}},"loc":{"start":{"line":187,"column":45},"end":{"line":212,"column":1}},"line":187}},"branchMap":{"0":{"loc":{"start":{"line":16,"column":0},"end":{"line":19,"column":1}},"type":"if","locations":[{"start":{"line":16,"column":0},"end":{"line":19,"column":1}},{"start":{},"end":{}}],"line":16},"1":{"loc":{"start":{"line":22,"column":0},"end":{"line":25,"column":1}},"type":"if","locations":[{"start":{"line":22,"column":0},"end":{"line":25,"column":1}},{"start":{},"end":{}}],"line":22},"2":{"loc":{"start":{"line":51,"column":4},"end":{"line":53,"column":5}},"type":"if","locations":[{"start":{"line":51,"column":4},"end":{"line":53,"column":5}},{"start":{},"end":{}}],"line":51},"3":{"loc":{"start":{"line":72,"column":2},"end":{"line":74,"column":3}},"type":"if","locations":[{"start":{"line":72,"column":2},"end":{"line":74,"column":3}},{"start":{},"end":{}}],"line":72},"4":{"loc":{"start":{"line":72,"column":6},"end":{"line":72,"column":57}},"type":"binary-expr","locations":[{"start":{"line":72,"column":6},"end":{"line":72,"column":11}},{"start":{"line":72,"column":15},"end":{"line":72,"column":35}},{"start":{"line":72,"column":39},"end":{"line":72,"column":57}}],"line":72},"5":{"loc":{"start":{"line":89,"column":4},"end":{"line":91,"column":5}},"type":"if","locations":[{"start":{"line":89,"column":4},"end":{"line":91,"column":5}},{"start":{},"end":{}}],"line":89},"6":{"loc":{"start":{"line":110,"column":4},"end":{"line":112,"column":5}},"type":"if","locations":[{"start":{"line":110,"column":4},"end":{"line":112,"column":5}},{"start":{},"end":{}}],"line":110},"7":{"loc":{"start":{"line":129,"column":2},"end":{"line":131,"column":3}},"type":"if","locations":[{"start":{"line":129,"column":2},"end":{"line":131,"column":3}},{"start":{},"end":{}}],"line":129},"8":{"loc":{"start":{"line":129,"column":6},"end":{"line":129,"column":57}},"type":"binary-expr","locations":[{"start":{"line":129,"column":6},"end":{"line":129,"column":11}},{"start":{"line":129,"column":15},"end":{"line":129,"column":35}},{"start":{"line":129,"column":39},"end":{"line":129,"column":57}}],"line":129},"9":{"loc":{"start":{"line":145,"column":6},"end":{"line":147,"column":7}},"type":"if","locations":[{"start":{"line":145,"column":6},"end":{"line":147,"column":7}},{"start":{},"end":{}}],"line":145},"10":{"loc":{"start":{"line":162,"column":6},"end":{"line":164,"column":7}},"type":"if","locations":[{"start":{"line":162,"column":6},"end":{"line":164,"column":7}},{"start":{},"end":{}}],"line":162},"11":{"loc":{"start":{"line":171,"column":29},"end":{"line":171,"column":55}},"type":"binary-expr","locations":[{"start":{"line":171,"column":29},"end":{"line":171,"column":50}},{"start":{"line":171,"column":54},"end":{"line":171,"column":55}}],"line":171},"12":{"loc":{"start":{"line":172,"column":11},"end":{"line":172,"column":30}},"type":"binary-expr","locations":[{"start":{"line":172,"column":11},"end":{"line":172,"column":24}},{"start":{"line":172,"column":28},"end":{"line":172,"column":30}}],"line":172},"13":{"loc":{"start":{"line":200,"column":4},"end":{"line":202,"column":5}},"type":"if","locations":[{"start":{"line":200,"column":4},"end":{"line":202,"column":5}},{"start":{},"end":{}}],"line":200},"14":{"loc":{"start":{"line":205,"column":27},"end":{"line":205,"column":47}},"type":"binary-expr","locations":[{"start":{"line":205,"column":27},"end":{"line":205,"column":42}},{"start":{"line":205,"column":46},"end":{"line":205,"column":47}}],"line":205},"15":{"loc":{"start":{"line":206,"column":11},"end":{"line":206,"column":24}},"type":"binary-expr","locations":[{"start":{"line":206,"column":11},"end":{"line":206,"column":18}},{"start":{"line":206,"column":22},"end":{"line":206,"column":24}}],"line":206}},"s":{"0":1,"1":1,"2":1,"3":1,"4":0,"5":0,"6":1,"7":1,"8":0,"9":0,"10":2,"11":2,"12":2,"13":2,"14":2,"15":1,"16":1,"17":1,"18":1,"19":1,"20":3,"21":1,"22":2,"23":2,"24":2,"25":2,"26":2,"27":2,"28":2,"29":1,"30":1,"31":1,"32":1,"33":1,"34":1,"35":0,"36":1,"37":1,"38":1,"39":1,"40":3,"41":1,"42":2,"43":2,"44":2,"45":2,"46":2,"47":2,"48":1,"49":2,"50":3,"51":3,"52":1,"53":2,"54":2,"55":0,"56":2,"57":2,"58":2,"59":2,"60":2,"61":0,"62":0,"63":4,"64":4,"65":4,"66":4,"67":4,"68":1,"69":3,"70":3,"71":3,"72":1,"73":1},"f":{"0":2,"1":3,"2":3,"3":1,"4":3,"5":4},"b":{"0":[0,1],"1":[0,1],"2":[1,1],"3":[1,2],"4":[3,3,3],"5":[1,1],"6":[0,1],"7":[1,2],"8":[3,3,3],"9":[1,2],"10":[0,2],"11":[2,0],"12":[2,0],"13":[1,3],"14":[3,1],"15":[3,1]},"inputSourceMap":null,"_coverageSchema":"1a1c01bbd47fc00a2c39e90264f33305004495a9","hash":"f4dc52ae5ce87b36665fac6f8392acfe451cb3e3"}
,"/home/runner/work/mealie-google-docs-importer/mealie-google-docs-importer/src/utils.js": {"path":"/home/runner/work/mealie-google-docs-importer/mealie-google-docs-importer/src/utils.js","statementMap":{"0":{"start":{"line":5,"column":25},"end":{"line":5,"column":26}},"1":{"start":{"line":13,"column":2},"end":{"line":52,"column":5}},"2":{"start":{"line":19,"column":31},"end":{"line":19,"column":62}},"3":{"start":{"line":21,"column":8},"end":{"line":25,"column":9}},"4":{"start":{"line":22,"column":10},"end":{"line":24,"column":12}},"5":{"start":{"line":23,"column":12},"end":{"line":23,"column":58}},"6":{"start":{"line":27,"column":8},"end":{"line":27,"column":20}},"7":{"start":{"line":30,"column":62},"end":{"line":30,"column":66}},"8":{"start":{"line":31,"column":19},"end":{"line":31,"column":59}},"9":{"start":{"line":33,"column":18},"end":{"line":33,"column":48}},"10":{"start":{"line":35,"column":8},"end":{"line":37,"column":9}},"11":{"start":{"line":36,"column":10},"end":{"line":36,"column":48}},"12":{"start":{"line":39,"column":8},"end":{"line":39,"column":19}},"13":{"start":{"line":67,"column":17},"end":{"line":67,"column":31}},"14":{"start":{"line":68,"column":24},"end":{"line":68,"column":55}},"15":{"start":{"line":70,"column":2},"end":{"line":81,"column":3}},"16":{"start":{"line":70,"column":21},"end":{"line":70,"column":22}},"17":{"start":{"line":71,"column":4},"end":{"line":80,"column":5}},"18":{"start":{"line":72,"column":6},"end":{"line":72,"column":31}},"19":{"start":{"line":74,"column":6},"end":{"line":74,"column":24}},"20":{"start":{"line":75,"column":6},"end":{"line":79,"column":7}},"21":{"start":{"line":76,"column":22},"end":{"line":76,"column":54}},"22":{"start":{"line":77,"column":8},"end":{"line":77,"column":99}},"23":{"start":{"line":78,"column":8},"end":{"line":78,"column":65}},"24":{"start":{"line":78,"column":37},"end":{"line":78,"column":63}},"25":{"start":{"line":83,"column":2},"end":{"line":83,"column":18}}},"fnMap":{"0":{"name":"createLogger","decl":{"start":{"line":12,"column":16},"end":{"line":12,"column":28}},"loc":{"start":{"line":12,"column":31},"end":{"line":53,"column":1}},"line":12},"1":{"name":"(anonymous_1)","decl":{"start":{"line":17,"column":21},"end":{"line":17,"column":22}},"loc":{"start":{"line":17,"column":31},"end":{"line":28,"column":7}},"line":17},"2":{"name":"(anonymous_2)","decl":{"start":{"line":22,"column":51},"end":{"line":22,"column":52}},"loc":{"start":{"line":23,"column":12},"end":{"line":23,"column":58}},"line":23},"3":{"name":"(anonymous_3)","decl":{"start":{"line":29,"column":28},"end":{"line":29,"column":29}},"loc":{"start":{"line":29,"column":38},"end":{"line":40,"column":7}},"line":29},"4":{"name":"withRetry","decl":{"start":{"line":64,"column":22},"end":{"line":64,"column":31}},"loc":{"start":{"line":64,"column":77},"end":{"line":84,"column":1}},"line":64},"5":{"name":"(anonymous_5)","decl":{"start":{"line":78,"column":26},"end":{"line":78,"column":27}},"loc":{"start":{"line":78,"column":37},"end":{"line":78,"column":63}},"line":78}},"branchMap":{"0":{"loc":{"start":{"line":14,"column":11},"end":{"line":14,"column":42}},"type":"binary-expr","locations":[{"start":{"line":14,"column":11},"end":{"line":14,"column":32}},{"start":{"line":14,"column":36},"end":{"line":14,"column":42}}],"line":14},"1":{"loc":{"start":{"line":19,"column":31},"end":{"line":19,"column":62}},"type":"binary-expr","locations":[{"start":{"line":19,"column":31},"end":{"line":19,"column":56}},{"start":{"line":19,"column":60},"end":{"line":19,"column":62}}],"line":19},"2":{"loc":{"start":{"line":21,"column":8},"end":{"line":25,"column":9}},"type":"if","locations":[{"start":{"line":21,"column":8},"end":{"line":25,"column":9}},{"start":{},"end":{}}],"line":21},"3":{"loc":{"start":{"line":35,"column":8},"end":{"line":37,"column":9}},"type":"if","locations":[{"start":{"line":35,"column":8},"end":{"line":37,"column":9}},{"start":{},"end":{}}],"line":35},"4":{"loc":{"start":{"line":64,"column":43},"end":{"line":64,"column":57}},"type":"default-arg","locations":[{"start":{"line":64,"column":56},"end":{"line":64,"column":57}}],"line":64},"5":{"loc":{"start":{"line":64,"column":59},"end":{"line":64,"column":75}},"type":"default-arg","locations":[{"start":{"line":64,"column":71},"end":{"line":64,"column":75}}],"line":64},"6":{"loc":{"start":{"line":68,"column":24},"end":{"line":68,"column":55}},"type":"binary-expr","locations":[{"start":{"line":68,"column":24},"end":{"line":68,"column":38}},{"start":{"line":68,"column":42},"end":{"line":68,"column":55}}],"line":68},"7":{"loc":{"start":{"line":75,"column":6},"end":{"line":79,"column":7}},"type":"if","locations":[{"start":{"line":75,"column":6},"end":{"line":79,"column":7}},{"start":{},"end":{}}],"line":75}},"s":{"0":3,"1":7,"2":42,"3":42,"4":1,"5":1,"6":42,"7":42,"8":42,"9":42,"10":42,"11":1,"12":42,"13":3,"14":3,"15":3,"16":3,"17":6,"18":6,"19":4,"20":4,"21":3,"22":3,"23":3,"24":3,"25":1},"f":{"0":7,"1":42,"2":1,"3":42,"4":3,"5":3},"b":{"0":[7,7],"1":[42,41],"2":[1,41],"3":[1,41],"4":[1],"5":[1],"6":[3,0],"7":[3,1]},"inputSourceMap":null,"_coverageSchema":"1a1c01bbd47fc00a2c39e90264f33305004495a9","hash":"5e1c05c123d50c5e42954b01285deadba717926d"}
}
