{"total": {"lines":{"total":276,"covered":237,"skipped":0,"pct":85.86},"statements":{"total":285,"covered":246,"skipped":0,"pct":86.31},"functions":{"total":50,"covered":44,"skipped":0,"pct":88},"branches":{"total":104,"covered":86,"skipped":0,"pct":82.69},"branchesTrue":{"total":0,"covered":0,"skipped":0,"pct":"Unknown"}}
,"/home/runner/work/mealie-google-docs-importer/mealie-google-docs-importer/src/googleDrive.js": {"lines":{"total":149,"covered":120,"skipped":0,"pct":80.53},"functions":{"total":35,"covered":29,"skipped":0,"pct":82.85},"statements":{"total":155,"covered":126,"skipped":0,"pct":81.29},"branches":{"total":40,"covered":33,"skipped":0,"pct":82.5}}
,"/home/runner/work/mealie-google-docs-importer/mealie-google-docs-importer/src/index.js": {"lines":{"total":30,"covered":28,"skipped":0,"pct":93.33},"functions":{"total":3,"covered":3,"skipped":0,"pct":100},"statements":{"total":30,"covered":28,"skipped":0,"pct":93.33},"branches":{"total":16,"covered":12,"skipped":0,"pct":75}}
,"/home/runner/work/mealie-google-docs-importer/mealie-google-docs-importer/src/mealie.js": {"lines":{"total":73,"covered":65,"skipped":0,"pct":89.04},"functions":{"total":6,"covered":6,"skipped":0,"pct":100},"statements":{"total":74,"covered":66,"skipped":0,"pct":89.18},"branches":{"total":34,"covered":28,"skipped":0,"pct":82.35}}
,"/home/runner/work/mealie-google-docs-importer/mealie-google-docs-importer/src/utils.js": {"lines":{"total":24,"covered":24,"skipped":0,"pct":100},"functions":{"total":6,"covered":6,"skipped":0,"pct":100},"statements":{"total":26,"covered":26,"skipped":0,"pct":100},"branches":{"total":14,"covered":13,"skipped":0,"pct":92.85}}
}
