TN:
SF:src/googleDrive.js
FN:39,(anonymous_0)
FN:50,processLine
FN:61,processTextItem
FN:62,(anonymous_3)
FN:72,processPage
FN:73,(anonymous_5)
FN:82,parsePDF
FN:84,(anonymous_7)
FN:86,(anonymous_8)
FN:94,(anonymous_9)
FN:95,(anonymous_10)
FN:100,(anonymous_11)
FN:128,handleDocFile
FN:153,(anonymous_13)
FN:169,(anonymous_14)
FN:174,(anonymous_15)
FN:179,(anonymous_16)
FN:184,(anonymous_17)
FN:197,(anonymous_18)
FN:208,setupGoogleDrive
FN:220,loadSavedCredentialsIfExist
FN:222,(anonymous_21)
FN:222,(anonymous_22)
FN:239,(anonymous_23)
FN:251,saveCredentials
FN:273,authorize
FN:294,(anonymous_26)
FN:295,(anonymous_27)
FN:340,streamToBuffer
FN:355,getFileContent
FN:411,getFolderName
FN:431,listFolderContents
FN:433,(anonymous_32)
FN:450,getAllRecipeDocs
FN:453,processFolder
FNF:35
FNH:29
FNDA:13,(anonymous_0)
FNDA:74,processLine
FNDA:74,processTextItem
FNDA:74,(anonymous_3)
FNDA:1,processPage
FNDA:74,(anonymous_5)
FNDA:2,parsePDF
FNDA:2,(anonymous_7)
FNDA:2,(anonymous_8)
FNDA:1,(anonymous_9)
FNDA:1,(anonymous_10)
FNDA:1,(anonymous_11)
FNDA:0,handleDocFile
FNDA:0,(anonymous_13)
FNDA:7,(anonymous_14)
FNDA:0,(anonymous_15)
FNDA:0,(anonymous_16)
FNDA:0,(anonymous_17)
FNDA:2,(anonymous_18)
FNDA:2,setupGoogleDrive
FNDA:2,loadSavedCredentialsIfExist
FNDA:1,(anonymous_21)
FNDA:1,(anonymous_22)
FNDA:0,(anonymous_23)
FNDA:1,saveCredentials
FNDA:2,authorize
FNDA:1,(anonymous_26)
FNDA:1,(anonymous_27)
FNDA:2,streamToBuffer
FNDA:11,getFileContent
FNDA:10,getFolderName
FNDA:13,listFolderContents
FNDA:78,(anonymous_32)
FNDA:11,getAllRecipeDocs
FNDA:13,processFolder
DA:17,1
DA:19,1
DA:20,1
DA:21,1
DA:26,1
DA:28,1
DA:29,1
DA:31,1
DA:39,1
DA:40,13
DA:51,74
DA:62,74
DA:73,74
DA:83,2
DA:84,2
DA:86,2
DA:87,2
DA:88,2
DA:90,0
DA:94,2
DA:95,1
DA:96,1
DA:97,1
DA:100,2
DA:101,1
DA:102,1
DA:106,2
DA:107,2
DA:109,0
DA:110,0
DA:129,0
DA:131,0
DA:139,0
DA:141,0
DA:143,0
DA:148,0
DA:151,0
DA:154,0
DA:158,0
DA:159,0
DA:165,1
DA:169,7
DA:174,0
DA:179,0
DA:185,0
DA:186,0
DA:198,2
DA:209,2
DA:221,2
DA:222,2
DA:223,1
DA:224,1
DA:226,1
DA:227,1
DA:228,1
DA:231,1
DA:232,1
DA:233,1
DA:235,1
DA:237,0
DA:238,0
DA:239,0
DA:240,0
DA:242,0
DA:252,1
DA:253,1
DA:254,1
DA:255,1
DA:256,1
DA:262,1
DA:264,0
DA:274,2
DA:275,2
DA:276,1
DA:278,1
DA:282,1
DA:283,1
DA:284,1
DA:287,1
DA:294,1
DA:295,1
DA:296,1
DA:297,1
DA:298,1
DA:299,1
DA:300,1
DA:301,1
DA:302,1
DA:305,0
DA:310,1
DA:317,1
DA:321,1
DA:322,1
DA:324,1
DA:325,1
DA:326,1
DA:328,0
DA:331,1
DA:341,2
DA:342,2
DA:343,12
DA:345,2
DA:356,11
DA:357,11
DA:358,11
DA:359,0
DA:363,11
DA:364,0
DA:368,11
DA:370,9
DA:376,7
DA:379,2
DA:386,2
DA:390,9
DA:392,8
DA:393,0
DA:396,8
DA:398,3
DA:399,3
DA:412,10
DA:413,10
DA:417,9
DA:419,1
DA:420,1
DA:432,13
DA:433,78
DA:435,13
DA:440,13
DA:451,11
DA:455,13
DA:456,13
DA:457,13
DA:458,10
DA:459,10
DA:460,7
DA:464,13
DA:466,13
DA:467,15
DA:468,15
DA:470,2
DA:471,13
DA:472,11
DA:473,11
DA:475,8
DA:477,8
DA:483,8
DA:487,0
DA:492,11
DA:493,11
LF:149
LH:120
BRDA:19,0,0,1
BRDA:19,0,1,1
BRDA:20,1,0,1
BRDA:20,1,1,1
BRDA:40,2,0,13
BRDA:40,2,1,3
BRDA:222,3,0,1
BRDA:222,3,1,1
BRDA:255,4,0,1
BRDA:255,4,1,1
BRDA:275,5,0,1
BRDA:275,5,1,1
BRDA:284,6,0,1
BRDA:284,6,1,0
BRDA:297,7,0,1
BRDA:297,7,1,0
BRDA:324,8,0,1
BRDA:324,8,1,0
BRDA:358,9,0,0
BRDA:358,9,1,11
BRDA:363,10,0,0
BRDA:363,10,1,11
BRDA:368,11,0,9
BRDA:368,11,1,2
BRDA:392,12,0,0
BRDA:392,12,1,8
BRDA:453,13,0,0
BRDA:453,14,0,2
BRDA:457,15,0,10
BRDA:457,15,1,3
BRDA:457,16,0,13
BRDA:457,16,1,3
BRDA:459,17,0,7
BRDA:459,17,1,3
BRDA:468,18,0,2
BRDA:468,18,1,13
BRDA:471,19,0,11
BRDA:471,19,1,2
BRDA:473,20,0,8
BRDA:473,20,1,3
BRF:40
BRH:33
end_of_record
TN:
SF:src/index.js
FN:16,main
FN:41,(anonymous_1)
FN:47,(anonymous_2)
FNF:3
FNH:3
FNDA:5,main
FNDA:3,(anonymous_1)
FNDA:2,(anonymous_2)
DA:7,1
DA:9,1
DA:11,1
DA:12,1
DA:14,1
DA:17,5
DA:18,5
DA:19,0
DA:20,0
DA:22,5
DA:24,5
DA:27,5
DA:30,3
DA:33,3
DA:34,3
DA:36,3
DA:37,3
DA:38,3
DA:41,3
DA:42,3
DA:46,2
DA:47,2
DA:48,2
DA:52,2
DA:54,1
DA:58,3
DA:60,2
DA:61,2
DA:62,2
DA:66,1
LF:30
LH:28
BRDA:12,0,0,1
BRDA:12,0,1,1
BRDA:14,1,0,1
BRDA:14,1,1,1
BRDA:18,2,0,0
BRDA:18,2,1,5
BRDA:36,3,0,3
BRDA:36,3,1,0
BRDA:36,4,0,3
BRDA:36,4,1,3
BRDA:37,5,0,3
BRDA:37,5,1,0
BRDA:46,6,0,2
BRDA:46,6,1,0
BRDA:46,7,0,2
BRDA:46,7,1,2
BRF:16
BRH:12
end_of_record
TN:
SF:src/mealie.js
FN:35,uploadToMealie
FN:71,addRecipeTags
FN:128,fetchMatchingTags
FN:138,(anonymous_3)
FN:141,(anonymous_4)
FN:187,fetchAllExistingTags
FNF:6
FNH:6
FNDA:2,uploadToMealie
FNDA:3,addRecipeTags
FNDA:3,fetchMatchingTags
FNDA:1,(anonymous_3)
FNDA:3,(anonymous_4)
FNDA:4,fetchAllExistingTags
DA:11,1
DA:13,1
DA:15,1
DA:16,1
DA:17,0
DA:18,0
DA:21,1
DA:22,1
DA:23,0
DA:24,0
DA:36,2
DA:37,2
DA:38,2
DA:39,2
DA:51,2
DA:52,1
DA:55,1
DA:56,1
DA:58,1
DA:59,1
DA:72,3
DA:73,1
DA:75,2
DA:76,2
DA:78,2
DA:80,2
DA:87,2
DA:88,2
DA:89,2
DA:90,1
DA:92,1
DA:93,1
DA:95,1
DA:97,1
DA:110,1
DA:111,0
DA:114,1
DA:115,1
DA:117,1
DA:118,1
DA:129,3
DA:130,1
DA:132,2
DA:133,2
DA:134,2
DA:136,2
DA:137,2
DA:138,2
DA:141,2
DA:142,3
DA:145,3
DA:146,1
DA:150,2
DA:162,2
DA:163,0
DA:166,2
DA:167,2
DA:168,2
DA:171,2
DA:172,2
DA:175,0
DA:176,0
DA:188,4
DA:189,4
DA:191,4
DA:193,4
DA:200,4
DA:201,1
DA:204,3
DA:205,3
DA:206,3
DA:209,1
DA:210,1
LF:73
LH:65
BRDA:16,0,0,0
BRDA:16,0,1,1
BRDA:22,1,0,0
BRDA:22,1,1,1
BRDA:51,2,0,1
BRDA:51,2,1,1
BRDA:72,3,0,1
BRDA:72,3,1,2
BRDA:72,4,0,3
BRDA:72,4,1,3
BRDA:72,4,2,3
BRDA:89,5,0,1
BRDA:89,5,1,1
BRDA:110,6,0,0
BRDA:110,6,1,1
BRDA:129,7,0,1
BRDA:129,7,1,2
BRDA:129,8,0,3
BRDA:129,8,1,3
BRDA:129,8,2,3
BRDA:145,9,0,1
BRDA:145,9,1,2
BRDA:162,10,0,0
BRDA:162,10,1,2
BRDA:171,11,0,2
BRDA:171,11,1,0
BRDA:172,12,0,2
BRDA:172,12,1,0
BRDA:200,13,0,1
BRDA:200,13,1,3
BRDA:205,14,0,3
BRDA:205,14,1,1
BRDA:206,15,0,3
BRDA:206,15,1,1
BRF:34
BRH:28
end_of_record
TN:
SF:src/utils.js
FN:12,createLogger
FN:17,(anonymous_1)
FN:22,(anonymous_2)
FN:29,(anonymous_3)
FN:64,withRetry
FN:78,(anonymous_5)
FNF:6
FNH:6
FNDA:7,createLogger
FNDA:42,(anonymous_1)
FNDA:1,(anonymous_2)
FNDA:42,(anonymous_3)
FNDA:3,withRetry
FNDA:3,(anonymous_5)
DA:5,3
DA:13,7
DA:19,42
DA:21,42
DA:22,1
DA:23,1
DA:27,42
DA:30,42
DA:31,42
DA:33,42
DA:35,42
DA:36,1
DA:39,42
DA:67,3
DA:68,3
DA:70,3
DA:71,6
DA:72,6
DA:74,4
DA:75,4
DA:76,3
DA:77,3
DA:78,3
DA:83,1
LF:24
LH:24
BRDA:14,0,0,7
BRDA:14,0,1,7
BRDA:19,1,0,42
BRDA:19,1,1,41
BRDA:21,2,0,1
BRDA:21,2,1,41
BRDA:35,3,0,1
BRDA:35,3,1,41
BRDA:64,4,0,1
BRDA:64,5,0,1
BRDA:68,6,0,3
BRDA:68,6,1,0
BRDA:75,7,0,3
BRDA:75,7,1,1
BRF:14
BRH:13
end_of_record
